2021-09-21 15:35:34,649 :INFO :test_e2e :get all title cards
2021-09-21 15:38:17,613 :INFO :test_e2e :get all title cards
2021-09-21 15:38:17,792 :INFO :test_e2e :click checkout button
2021-09-21 15:40:14,084 :INFO :test_e2e :get all title cards
2021-09-21 15:40:14,124 :INFO :test_e2e :Blackberry
2021-09-21 15:40:14,270 :INFO :test_e2e :click checkout button
2021-09-21 15:40:19,430 :INFO :test_e2e :entering country name
2021-09-21 15:41:10,146 :INFO :test_e2e :get all title cards
2021-09-21 15:41:10,185 :INFO :test_e2e :Blackberry
2021-09-21 15:41:10,324 :INFO :test_e2e :click checkout button
2021-09-21 15:41:15,536 :INFO :test_e2e :entering country name
2021-09-21 15:41:15,666 :INFO :test_e2e :text received from application is ×
Success! Thank you! Your order will be delivered in next few weeks :-).
2021-09-21 15:43:22,082 :INFO :test_e2e :get all title cards
2021-09-21 15:43:22,120 :INFO :test_e2e :Blackberry
2021-09-21 15:43:22,252 :INFO :test_e2e :click checkout button
2021-09-21 15:43:28,151 :INFO :test_e2e :entering country name
2021-09-21 15:43:28,267 :INFO :test_e2e :text received from application is ×
Success! Thank you! Your order will be delivered in next few weeks :-).
2021-09-21 15:45:03,958 :INFO :test_e2e :get all title cards
2021-09-21 15:45:03,997 :INFO :test_e2e :Blackberry
2021-09-21 15:45:04,134 :INFO :test_e2e :click checkout button
2021-09-21 15:45:10,144 :INFO :test_e2e :entering country name
2021-09-21 15:45:10,258 :INFO :test_e2e :text received from application is ×
Success! Thank you! Your order will be delivered in next few weeks :-).
2021-09-21 16:17:01,116 :INFO :test_e2e :get all title cards
2021-09-21 16:17:01,157 :INFO :test_e2e :Blackberry
2021-09-21 16:17:01,294 :INFO :test_e2e :click checkout button
2021-09-21 16:17:06,481 :INFO :test_e2e :entering country name
2021-09-21 16:17:06,610 :INFO :test_e2e :text received from application is ×
Success! Thank you! Your order will be delivered in next few weeks :-).
2021-09-21 16:17:25,222 :INFO :test_e2e :get all title cards
2021-09-21 16:17:25,261 :INFO :test_e2e :Blackberry
2021-09-21 16:17:25,401 :INFO :test_e2e :click checkout button
2021-09-21 16:17:30,584 :INFO :test_e2e :entering country name
2021-09-21 16:17:30,705 :INFO :test_e2e :text received from application is ×
Success! Thank you! Your order will be delivered in next few weeks :-).
2021-09-21 17:01:54,533 :INFO :test_e2e :get all title cards
2021-09-21 17:01:54,574 :INFO :test_e2e :Blackberry
2021-09-21 17:01:54,713 :INFO :test_e2e :click checkout button
2021-09-21 17:02:00,410 :INFO :test_e2e :entering country name
2021-09-21 17:02:00,529 :INFO :test_e2e :text received from application is ×
Success! Thank you! Your order will be delivered in next few weeks :-).
2021-09-21 17:04:38,759 :INFO :test_e2e :get all title cards
2021-09-21 17:04:38,800 :INFO :test_e2e :Blackberry
2021-09-21 17:04:38,940 :INFO :test_e2e :click checkout button
2021-09-21 17:04:44,161 :INFO :test_e2e :entering country name
2021-09-21 17:04:44,289 :INFO :test_e2e :text received from application is ×
Success! Thank you! Your order will be delivered in next few weeks :-).
2021-09-21 17:07:20,211 :INFO :test_e2e :get all title cards
2021-09-21 17:07:20,256 :INFO :test_e2e :Blackberry
2021-09-21 17:07:20,401 :INFO :test_e2e :click checkout button
2021-09-21 17:07:25,583 :INFO :test_e2e :entering country name
2021-09-21 17:07:25,711 :INFO :test_e2e :text received from application is ×
Success! Thank you! Your order will be delivered in next few weeks :-).
2021-09-21 17:17:11,881 :INFO :test_e2e :get all title cards
2021-09-21 17:17:11,919 :INFO :test_e2e :Blackberry
2021-09-21 17:17:12,061 :INFO :test_e2e :click checkout button
2021-09-21 17:17:17,241 :INFO :test_e2e :entering country name
2021-09-21 17:17:17,368 :INFO :test_e2e :text received from application is ×
Success! Thank you! Your order will be delivered in next few weeks :-).
2021-09-21 17:26:26,822 :INFO :test_e2e :get all title cards
2021-09-21 17:26:26,864 :INFO :test_e2e :Blackberry
2021-09-21 17:26:27,001 :INFO :test_e2e :click checkout button
2021-09-21 17:26:32,199 :INFO :test_e2e :entering country name
2021-09-21 17:26:32,320 :INFO :test_e2e :text received from application is ×
Success! Thank you! Your order will be delivered in next few weeks :-).
2021-09-21 17:33:48,179 :INFO :test_e2e :get all title cards
2021-09-21 17:33:48,219 :INFO :test_e2e :Blackberry
2021-09-21 17:33:48,358 :INFO :test_e2e :click checkout button
2021-09-21 17:33:53,514 :INFO :test_e2e :entering country name
2021-09-21 17:33:53,634 :INFO :test_e2e :text received from application is ×
Success! Thank you! Your order will be delivered in next few weeks :-).
2021-09-21 17:35:59,990 :INFO :test_e2e :get all title cards
2021-09-21 17:36:00,030 :INFO :test_e2e :Blackberry
2021-09-21 17:36:00,170 :INFO :test_e2e :click checkout button
2021-09-21 17:36:05,362 :INFO :test_e2e :entering country name
2021-09-21 17:36:05,483 :INFO :test_e2e :text received from application is ×
Success! Thank you! Your order will be delivered in next few weeks :-).
2021-09-21 17:53:10,156 :INFO :test_e2e :get all title cards
2021-09-21 17:53:10,199 :INFO :test_e2e :Blackberry
2021-09-21 17:53:10,340 :INFO :test_e2e :click checkout button
2021-09-21 17:53:15,500 :INFO :test_e2e :entering country name
2021-09-21 17:53:15,624 :INFO :test_e2e :text received from application is ×
Success! Thank you! Your order will be delivered in next few weeks :-).
2021-09-21 17:56:57,289 :INFO :test_e2e :get all title cards
2021-09-21 17:56:57,328 :INFO :test_e2e :Blackberry
2021-09-21 17:56:57,467 :INFO :test_e2e :click checkout button
2021-09-21 17:57:02,689 :INFO :test_e2e :entering country name
2021-09-21 17:57:02,817 :INFO :test_e2e :text received from application is ×
Success! Thank you! Your order will be delivered in next few weeks :-).
